# JRE version: Java(TM) SE Runtime Environment (7.0_67-b01) (build 1.7.0_67-b01)
# Java VM: Java HotSpot(TM) Client VM (24.65-b04 mixed mode windows-x86 )
Heap
 def new generation   total 4928K, used 1386K [0x04200000, 0x04750000, 0x09750000)
  eden space 4416K,  30% used [0x04200000, 0x04354a58, 0x04650000)
  from space 512K,   4% used [0x046d0000, 0x046d6060, 0x04750000)
  to   space 512K,   0% used [0x04650000, 0x04650000, 0x046d0000)
 tenured generation   total 10944K, used 3969K [0x09750000, 0x0a200000, 0x14200000)
   the space 10944K,  36% used [0x09750000, 0x09b30418, 0x09b30600, 0x0a200000)
 compacting perm gen  total 12288K, used 2850K [0x14200000, 0x14e00000, 0x18200000)
   the space 12288K,  23% used [0x14200000, 0x144c88f0, 0x144c8a00, 0x14e00000)
GC Heap History (10 events):
Event: 12.624 GC heap before
{Heap before GC invocations=1536 (full 0):
 def new generation   total 4928K, used 4436K [0x04200000, 0x04750000, 0x09750000)
  eden space 4416K, 100% used [0x04200000, 0x04650000, 0x04650000)
  from space 512K,   4% used [0x04650000, 0x04655380, 0x046d0000)
  to   space 512K,   0% used [0x046d0000, 0x046d0000, 0x04750000)
 tenured generation   total 10944K, used 3962K [0x09750000, 0x0a200000, 0x14200000)
   the space 10944K,  36% used [0x09750000, 0x09b2ebf0, 0x09b2ec00, 0x0a200000)
 compacting perm gen  total 12288K, used 2818K [0x14200000, 0x14e00000, 0x18200000)
   the space 12288K,  22% used [0x14200000, 0x144c0bc8, 0x144c0c00, 0x14e00000)
No shared spaces configured.
Event: 12.624 GC heap after
Heap after GC invocations=1537 (full 0):
 def new generation   total 4928K, used 21K [0x04200000, 0x04750000, 0x09750000)
  eden space 4416K,   0% used [0x04200000, 0x04200000, 0x04650000)
  from space 512K,   4% used [0x046d0000, 0x046d5500, 0x04750000)
  to   space 512K,   0% used [0x04650000, 0x04650000, 0x046d0000)
 tenured generation   total 10944K, used 3964K [0x09750000, 0x0a200000, 0x14200000)
   the space 10944K,  36% used [0x09750000, 0x09b2f078, 0x09b2f200, 0x0a200000)
 compacting perm gen  total 12288K, used 2818K [0x14200000, 0x14e00000, 0x18200000)
   the space 12288K,  22% used [0x14200000, 0x144c0bc8, 0x144c0c00, 0x14e00000)
No shared spaces configured.
}
Event: 12.629 GC heap before
{Heap before GC invocations=1537 (full 0):
 def new generation   total 4928K, used 4437K [0x04200000, 0x04750000, 0x09750000)
  eden space 4416K, 100% used [0x04200000, 0x04650000, 0x04650000)
  from space 512K,   4% used [0x046d0000, 0x046d5500, 0x04750000)
  to   space 512K,   0% used [0x04650000, 0x04650000, 0x046d0000)
 tenured generation   total 10944K, used 3964K [0x09750000, 0x0a200000, 0x14200000)
   the space 10944K,  36% used [0x09750000, 0x09b2f078, 0x09b2f200, 0x0a200000)
 compacting perm gen  total 12288K, used 2818K [0x14200000, 0x14e00000, 0x18200000)
   the space 12288K,  22% used [0x14200000, 0x144c0bc8, 0x144c0c00, 0x14e00000)
No shared spaces configured.
Event: 12.629 GC heap after
Heap after GC invocations=1538 (full 0):
 def new generation   total 4928K, used 21K [0x04200000, 0x04750000, 0x09750000)
  eden space 4416K,   0% used [0x04200000, 0x04200000, 0x04650000)
  from space 512K,   4% used [0x04650000, 0x04655778, 0x046d0000)
  to   space 512K,   0% used [0x046d0000, 0x046d0000, 0x04750000)
 tenured generation   total 10944K, used 3965K [0x09750000, 0x0a200000, 0x14200000)
   the space 10944K,  36% used [0x09750000, 0x09b2f590, 0x09b2f600, 0x0a200000)
 compacting perm gen  total 12288K, used 2818K [0x14200000, 0x14e00000, 0x18200000)
   the space 12288K,  22% used [0x14200000, 0x144c0bc8, 0x144c0c00, 0x14e00000)
No shared spaces configured.
}
Event: 12.634 GC heap before
{Heap before GC invocations=1538 (full 0):
 def new generation   total 4928K, used 4437K [0x04200000, 0x04750000, 0x09750000)
  eden space 4416K, 100% used [0x04200000, 0x04650000, 0x04650000)
  from space 512K,   4% used [0x04650000, 0x04655778, 0x046d0000)
  to   space 512K,   0% used [0x046d0000, 0x046d0000, 0x04750000)
 tenured generation   total 10944K, used 3965K [0x09750000, 0x0a200000, 0x14200000)
   the space 10944K,  36% used [0x09750000, 0x09b2f590, 0x09b2f600, 0x0a200000)
 compacting perm gen  total 12288K, used 2818K [0x14200000, 0x14e00000, 0x18200000)
   the space 12288K,  22% used [0x14200000, 0x144c0bc8, 0x144c0c00, 0x14e00000)
No shared spaces configured.
Event: 12.635 GC heap after
Heap after GC invocations=1539 (full 0):
 def new generation   total 4928K, used 22K [0x04200000, 0x04750000, 0x09750000)
  eden space 4416K,   0% used [0x04200000, 0x04200000, 0x04650000)
  from space 512K,   4% used [0x046d0000, 0x046d5af8, 0x04750000)
  to   space 512K,   0% used [0x04650000, 0x04650000, 0x046d0000)
 tenured generation   total 10944K, used 3966K [0x09750000, 0x0a200000, 0x14200000)
   the space 10944K,  36% used [0x09750000, 0x09b2f9c8, 0x09b2fa00, 0x0a200000)
 compacting perm gen  total 12288K, used 2818K [0x14200000, 0x14e00000, 0x18200000)
   the space 12288K,  22% used [0x14200000, 0x144c0bc8, 0x144c0c00, 0x14e00000)
No shared spaces configured.
}
Event: 12.639 GC heap before
{Heap before GC invocations=1539 (full 0):
 def new generation   total 4928K, used 4438K [0x04200000, 0x04750000, 0x09750000)
  eden space 4416K, 100% used [0x04200000, 0x04650000, 0x04650000)
  from space 512K,   4% used [0x046d0000, 0x046d5af8, 0x04750000)
  to   space 512K,   0% used [0x04650000, 0x04650000, 0x046d0000)
 tenured generation   total 10944K, used 3966K [0x09750000, 0x0a200000, 0x14200000)
   the space 10944K,  36% used [0x09750000, 0x09b2f9c8, 0x09b2fa00, 0x0a200000)
 compacting perm gen  total 12288K, used 2818K [0x14200000, 0x14e00000, 0x18200000)
   the space 12288K,  22% used [0x14200000, 0x144c0bc8, 0x144c0c00, 0x14e00000)
No shared spaces configured.
Event: 12.640 GC heap after
Heap after GC invocations=1540 (full 0):
 def new generation   total 4928K, used 23K [0x04200000, 0x04750000, 0x09750000)
  eden space 4416K,   0% used [0x04200000, 0x04200000, 0x04650000)
  from space 512K,   4% used [0x04650000, 0x04655d38, 0x046d0000)
  to   space 512K,   0% used [0x046d0000, 0x046d0000, 0x04750000)
 tenured generation   total 10944K, used 3967K [0x09750000, 0x0a200000, 0x14200000)
   the space 10944K,  36% used [0x09750000, 0x09b2ff68, 0x09b30000, 0x0a200000)
 compacting perm gen  total 12288K, used 2818K [0x14200000, 0x14e00000, 0x18200000)
   the space 12288K,  22% used [0x14200000, 0x144c0bc8, 0x144c0c00, 0x14e00000)
No shared spaces configured.
}
Event: 12.645 GC heap before
{Heap before GC invocations=1540 (full 0):
 def new generation   total 4928K, used 4439K [0x04200000, 0x04750000, 0x09750000)
  eden space 4416K, 100% used [0x04200000, 0x04650000, 0x04650000)
  from space 512K,   4% used [0x04650000, 0x04655d38, 0x046d0000)
  to   space 512K,   0% used [0x046d0000, 0x046d0000, 0x04750000)
 tenured generation   total 10944K, used 3967K [0x09750000, 0x0a200000, 0x14200000)
   the space 10944K,  36% used [0x09750000, 0x09b2ff68, 0x09b30000, 0x0a200000)
 compacting perm gen  total 12288K, used 2818K [0x14200000, 0x14e00000, 0x18200000)
   the space 12288K,  22% used [0x14200000, 0x144c0bc8, 0x144c0c00, 0x14e00000)
No shared spaces configured.
Event: 12.646 GC heap after
Heap after GC invocations=1541 (full 0):
 def new generation   total 4928K, used 24K [0x04200000, 0x04750000, 0x09750000)
  eden space 4416K,   0% used [0x04200000, 0x04200000, 0x04650000)
  from space 512K,   4% used [0x046d0000, 0x046d6060, 0x04750000)
  to   space 512K,   0% used [0x04650000, 0x04650000, 0x046d0000)
 tenured generation   total 10944K, used 3969K [0x09750000, 0x0a200000, 0x14200000)
   the space 10944K,  36% used [0x09750000, 0x09b30418, 0x09b30600, 0x0a200000)
 compacting perm gen  total 12288K, used 2818K [0x14200000, 0x14e00000, 0x18200000)
   the space 12288K,  22% used [0x14200000, 0x144c0bc8, 0x144c0c00, 0x14e00000)
No shared spaces configured.
}

