# JRE version: Java(TM) SE Runtime Environment (7.0_51-b13) (build 1.7.0_51-b13)
# Java VM: Java HotSpot(TM) Client VM (24.51-b03 mixed mode windows-x86 )
Heap
 def new generation   total 4992K, used 3032K [0x04100000, 0x04660000, 0x09650000)
  eden space 4480K,  64% used [0x04100000, 0x043d0590, 0x04560000)
  from space 512K,  29% used [0x04560000, 0x04585c20, 0x045e0000)
  to   space 512K,   0% used [0x045e0000, 0x045e0000, 0x04660000)
 tenured generation   total 10944K, used 3828K [0x09650000, 0x0a100000, 0x14100000)
   the space 10944K,  34% used [0x09650000, 0x09a0d178, 0x09a0d200, 0x0a100000)
 compacting perm gen  total 12288K, used 3426K [0x14100000, 0x14d00000, 0x18100000)
   the space 12288K,  27% used [0x14100000, 0x14458a98, 0x14458c00, 0x14d00000)
GC Heap History (10 events):
Event: 1872.059 GC heap before
{Heap before GC invocations=24851 (full 2):
 def new generation   total 4992K, used 4489K [0x04100000, 0x04660000, 0x09650000)
  eden space 4480K, 100% used [0x04100000, 0x04560000, 0x04560000)
  from space 512K,   1% used [0x045e0000, 0x045e2598, 0x04660000)
  to   space 512K,   0% used [0x04560000, 0x04560000, 0x045e0000)
 tenured generation   total 10944K, used 3828K [0x09650000, 0x0a100000, 0x14100000)
   the space 10944K,  34% used [0x09650000, 0x09a0d178, 0x09a0d200, 0x0a100000)
 compacting perm gen  total 12288K, used 3196K [0x14100000, 0x14d00000, 0x18100000)
   the space 12288K,  26% used [0x14100000, 0x1441f080, 0x1441f200, 0x14d00000)
No shared spaces configured.
Event: 1872.059 GC heap after
Heap after GC invocations=24852 (full 2):
 def new generation   total 4992K, used 16K [0x04100000, 0x04660000, 0x09650000)
  eden space 4480K,   0% used [0x04100000, 0x04100000, 0x04560000)
  from space 512K,   3% used [0x04560000, 0x04564280, 0x045e0000)
  to   space 512K,   0% used [0x045e0000, 0x045e0000, 0x04660000)
 tenured generation   total 10944K, used 3828K [0x09650000, 0x0a100000, 0x14100000)
   the space 10944K,  34% used [0x09650000, 0x09a0d178, 0x09a0d200, 0x0a100000)
 compacting perm gen  total 12288K, used 3196K [0x14100000, 0x14d00000, 0x18100000)
   the space 12288K,  26% used [0x14100000, 0x1441f080, 0x1441f200, 0x14d00000)
No shared spaces configured.
}
Event: 1872.115 GC heap before
{Heap before GC invocations=24852 (full 2):
 def new generation   total 4992K, used 4496K [0x04100000, 0x04660000, 0x09650000)
  eden space 4480K, 100% used [0x04100000, 0x04560000, 0x04560000)
  from space 512K,   3% used [0x04560000, 0x04564280, 0x045e0000)
  to   space 512K,   0% used [0x045e0000, 0x045e0000, 0x04660000)
 tenured generation   total 10944K, used 3828K [0x09650000, 0x0a100000, 0x14100000)
   the space 10944K,  34% used [0x09650000, 0x09a0d178, 0x09a0d200, 0x0a100000)
 compacting perm gen  total 12288K, used 3196K [0x14100000, 0x14d00000, 0x18100000)
   the space 12288K,  26% used [0x14100000, 0x1441f080, 0x1441f200, 0x14d00000)
No shared spaces configured.
Event: 1872.115 GC heap after
Heap after GC invocations=24853 (full 2):
 def new generation   total 4992K, used 13K [0x04100000, 0x04660000, 0x09650000)
  eden space 4480K,   0% used [0x04100000, 0x04100000, 0x04560000)
  from space 512K,   2% used [0x045e0000, 0x045e36c8, 0x04660000)
  to   space 512K,   0% used [0x04560000, 0x04560000, 0x045e0000)
 tenured generation   total 10944K, used 3828K [0x09650000, 0x0a100000, 0x14100000)
   the space 10944K,  34% used [0x09650000, 0x09a0d178, 0x09a0d200, 0x0a100000)
 compacting perm gen  total 12288K, used 3196K [0x14100000, 0x14d00000, 0x18100000)
   the space 12288K,  26% used [0x14100000, 0x1441f080, 0x1441f200, 0x14d00000)
No shared spaces configured.
}
Event: 1872.166 GC heap before
{Heap before GC invocations=24853 (full 2):
 def new generation   total 4992K, used 4493K [0x04100000, 0x04660000, 0x09650000)
  eden space 4480K, 100% used [0x04100000, 0x04560000, 0x04560000)
  from space 512K,   2% used [0x045e0000, 0x045e36c8, 0x04660000)
  to   space 512K,   0% used [0x04560000, 0x04560000, 0x045e0000)
 tenured generation   total 10944K, used 3828K [0x09650000, 0x0a100000, 0x14100000)
   the space 10944K,  34% used [0x09650000, 0x09a0d178, 0x09a0d200, 0x0a100000)
 compacting perm gen  total 12288K, used 3196K [0x14100000, 0x14d00000, 0x18100000)
   the space 12288K,  26% used [0x14100000, 0x1441f080, 0x1441f200, 0x14d00000)
No shared spaces configured.
Event: 1872.167 GC heap after
Heap after GC invocations=24854 (full 2):
 def new generation   total 4992K, used 17K [0x04100000, 0x04660000, 0x09650000)
  eden space 4480K,   0% used [0x04100000, 0x04100000, 0x04560000)
  from space 512K,   3% used [0x04560000, 0x04564708, 0x045e0000)
  to   space 512K,   0% used [0x045e0000, 0x045e0000, 0x04660000)
 tenured generation   total 10944K, used 3828K [0x09650000, 0x0a100000, 0x14100000)
   the space 10944K,  34% used [0x09650000, 0x09a0d178, 0x09a0d200, 0x0a100000)
 compacting perm gen  total 12288K, used 3196K [0x14100000, 0x14d00000, 0x18100000)
   the space 12288K,  26% used [0x14100000, 0x1441f080, 0x1441f200, 0x14d00000)
No shared spaces configured.
}
Event: 1872.272 GC heap before
{Heap before GC invocations=24854 (full 2):
 def new generation   total 4992K, used 4497K [0x04100000, 0x04660000, 0x09650000)
  eden space 4480K, 100% used [0x04100000, 0x04560000, 0x04560000)
  from space 512K,   3% used [0x04560000, 0x04564708, 0x045e0000)
  to   space 512K,   0% used [0x045e0000, 0x045e0000, 0x04660000)
 tenured generation   total 10944K, used 3828K [0x09650000, 0x0a100000, 0x14100000)
   the space 10944K,  34% used [0x09650000, 0x09a0d178, 0x09a0d200, 0x0a100000)
 compacting perm gen  total 12288K, used 3196K [0x14100000, 0x14d00000, 0x18100000)
   the space 12288K,  26% used [0x14100000, 0x1441f0c0, 0x1441f200, 0x14d00000)
No shared spaces configured.
Event: 1872.273 GC heap after
Heap after GC invocations=24855 (full 2):
 def new generation   total 4992K, used 118K [0x04100000, 0x04660000, 0x09650000)
  eden space 4480K,   0% used [0x04100000, 0x04100000, 0x04560000)
  from space 512K,  23% used [0x045e0000, 0x045fd8e0, 0x04660000)
  to   space 512K,   0% used [0x04560000, 0x04560000, 0x045e0000)
 tenured generation   total 10944K, used 3828K [0x09650000, 0x0a100000, 0x14100000)
   the space 10944K,  34% used [0x09650000, 0x09a0d178, 0x09a0d200, 0x0a100000)
 compacting perm gen  total 12288K, used 3196K [0x14100000, 0x14d00000, 0x18100000)
   the space 12288K,  26% used [0x14100000, 0x1441f0c0, 0x1441f200, 0x14d00000)
No shared spaces configured.
}
Event: 1872.344 GC heap before
{Heap before GC invocations=24855 (full 2):
 def new generation   total 4992K, used 4598K [0x04100000, 0x04660000, 0x09650000)
  eden space 4480K, 100% used [0x04100000, 0x04560000, 0x04560000)
  from space 512K,  23% used [0x045e0000, 0x045fd8e0, 0x04660000)
  to   space 512K,   0% used [0x04560000, 0x04560000, 0x045e0000)
 tenured generation   total 10944K, used 3828K [0x09650000, 0x0a100000, 0x14100000)
   the space 10944K,  34% used [0x09650000, 0x09a0d178, 0x09a0d200, 0x0a100000)
 compacting perm gen  total 12288K, used 3196K [0x14100000, 0x14d00000, 0x18100000)
   the space 12288K,  26% used [0x14100000, 0x1441f0c0, 0x1441f200, 0x14d00000)
No shared spaces configured.
Event: 1872.345 GC heap after
Heap after GC invocations=24856 (full 2):
 def new generation   total 4992K, used 151K [0x04100000, 0x04660000, 0x09650000)
  eden space 4480K,   0% used [0x04100000, 0x04100000, 0x04560000)
  from space 512K,  29% used [0x04560000, 0x04585c20, 0x045e0000)
  to   space 512K,   0% used [0x045e0000, 0x045e0000, 0x04660000)
 tenured generation   total 10944K, used 3828K [0x09650000, 0x0a100000, 0x14100000)
   the space 10944K,  34% used [0x09650000, 0x09a0d178, 0x09a0d200, 0x0a100000)
 compacting perm gen  total 12288K, used 3196K [0x14100000, 0x14d00000, 0x18100000)
   the space 12288K,  26% used [0x14100000, 0x1441f0c0, 0x1441f200, 0x14d00000)
No shared spaces configured.
}

