# JRE version: Java(TM) SE Runtime Environment (7.0_67-b01) (build 1.7.0_67-b01)
# Java VM: Java HotSpot(TM) Client VM (24.65-b04 mixed mode windows-x86 )
Heap
 def new generation   total 4928K, used 634K [0x04400000, 0x04950000, 0x09950000)
  eden space 4416K,   2% used [0x04400000, 0x0441e858, 0x04850000)
  from space 512K, 100% used [0x04850000, 0x048d0000, 0x048d0000)
  to   space 512K,   0% used [0x048d0000, 0x048d0000, 0x04950000)
 tenured generation   total 10944K, used 4473K [0x09950000, 0x0a400000, 0x14400000)
   the space 10944K,  40% used [0x09950000, 0x09dae6a0, 0x09dae800, 0x0a400000)
 compacting perm gen  total 12288K, used 2882K [0x14400000, 0x15000000, 0x18400000)
   the space 12288K,  23% used [0x14400000, 0x146d0ae0, 0x146d0c00, 0x15000000)
GC Heap History (10 events):
Event: 11.912 GC heap before
{Heap before GC invocations=1537 (full 0):
 def new generation   total 4928K, used 4435K [0x04400000, 0x04950000, 0x09950000)
  eden space 4416K, 100% used [0x04400000, 0x04850000, 0x04850000)
  from space 512K,   3% used [0x048d0000, 0x048d4f68, 0x04950000)
  to   space 512K,   0% used [0x04850000, 0x04850000, 0x048d0000)
 tenured generation   total 10944K, used 3886K [0x09950000, 0x0a400000, 0x14400000)
   the space 10944K,  35% used [0x09950000, 0x09d1b860, 0x09d1ba00, 0x0a400000)
 compacting perm gen  total 12288K, used 2818K [0x14400000, 0x15000000, 0x18400000)
   the space 12288K,  22% used [0x14400000, 0x146c0b98, 0x146c0c00, 0x15000000)
No shared spaces configured.
Event: 11.912 GC heap after
Heap after GC invocations=1538 (full 0):
 def new generation   total 4928K, used 20K [0x04400000, 0x04950000, 0x09950000)
  eden space 4416K,   0% used [0x04400000, 0x04400000, 0x04850000)
  from space 512K,   3% used [0x04850000, 0x048551c0, 0x048d0000)
  to   space 512K,   0% used [0x048d0000, 0x048d0000, 0x04950000)
 tenured generation   total 10944K, used 3887K [0x09950000, 0x0a400000, 0x14400000)
   the space 10944K,  35% used [0x09950000, 0x09d1bd20, 0x09d1be00, 0x0a400000)
 compacting perm gen  total 12288K, used 2818K [0x14400000, 0x15000000, 0x18400000)
   the space 12288K,  22% used [0x14400000, 0x146c0b98, 0x146c0c00, 0x15000000)
No shared spaces configured.
}
Event: 11.917 GC heap before
{Heap before GC invocations=1538 (full 0):
 def new generation   total 4928K, used 4436K [0x04400000, 0x04950000, 0x09950000)
  eden space 4416K, 100% used [0x04400000, 0x04850000, 0x04850000)
  from space 512K,   3% used [0x04850000, 0x048551c0, 0x048d0000)
  to   space 512K,   0% used [0x048d0000, 0x048d0000, 0x04950000)
 tenured generation   total 10944K, used 3887K [0x09950000, 0x0a400000, 0x14400000)
   the space 10944K,  35% used [0x09950000, 0x09d1bd20, 0x09d1be00, 0x0a400000)
 compacting perm gen  total 12288K, used 2818K [0x14400000, 0x15000000, 0x18400000)
   the space 12288K,  22% used [0x14400000, 0x146c0b98, 0x146c0c00, 0x15000000)
No shared spaces configured.
Event: 11.918 GC heap after
Heap after GC invocations=1539 (full 0):
 def new generation   total 4928K, used 21K [0x04400000, 0x04950000, 0x09950000)
  eden space 4416K,   0% used [0x04400000, 0x04400000, 0x04850000)
  from space 512K,   4% used [0x048d0000, 0x048d5480, 0x04950000)
  to   space 512K,   0% used [0x04850000, 0x04850000, 0x048d0000)
 tenured generation   total 10944K, used 3888K [0x09950000, 0x0a400000, 0x14400000)
   the space 10944K,  35% used [0x09950000, 0x09d1c180, 0x09d1c200, 0x0a400000)
 compacting perm gen  total 12288K, used 2818K [0x14400000, 0x15000000, 0x18400000)
   the space 12288K,  22% used [0x14400000, 0x146c0b98, 0x146c0c00, 0x15000000)
No shared spaces configured.
}
Event: 11.922 GC heap before
{Heap before GC invocations=1539 (full 0):
 def new generation   total 4928K, used 4437K [0x04400000, 0x04950000, 0x09950000)
  eden space 4416K, 100% used [0x04400000, 0x04850000, 0x04850000)
  from space 512K,   4% used [0x048d0000, 0x048d5480, 0x04950000)
  to   space 512K,   0% used [0x04850000, 0x04850000, 0x048d0000)
 tenured generation   total 10944K, used 3888K [0x09950000, 0x0a400000, 0x14400000)
   the space 10944K,  35% used [0x09950000, 0x09d1c180, 0x09d1c200, 0x0a400000)
 compacting perm gen  total 12288K, used 2818K [0x14400000, 0x15000000, 0x18400000)
   the space 12288K,  22% used [0x14400000, 0x146c0b98, 0x146c0c00, 0x15000000)
No shared spaces configured.
Event: 11.923 GC heap after
Heap after GC invocations=1540 (full 0):
 def new generation   total 4928K, used 21K [0x04400000, 0x04950000, 0x09950000)
  eden space 4416K,   0% used [0x04400000, 0x04400000, 0x04850000)
  from space 512K,   4% used [0x04850000, 0x048556e0, 0x048d0000)
  to   space 512K,   0% used [0x048d0000, 0x048d0000, 0x04950000)
 tenured generation   total 10944K, used 3889K [0x09950000, 0x0a400000, 0x14400000)
   the space 10944K,  35% used [0x09950000, 0x09d1c650, 0x09d1c800, 0x0a400000)
 compacting perm gen  total 12288K, used 2818K [0x14400000, 0x15000000, 0x18400000)
   the space 12288K,  22% used [0x14400000, 0x146c0b98, 0x146c0c00, 0x15000000)
No shared spaces configured.
}
Event: 11.928 GC heap before
{Heap before GC invocations=1540 (full 0):
 def new generation   total 4928K, used 4437K [0x04400000, 0x04950000, 0x09950000)
  eden space 4416K, 100% used [0x04400000, 0x04850000, 0x04850000)
  from space 512K,   4% used [0x04850000, 0x048556e0, 0x048d0000)
  to   space 512K,   0% used [0x048d0000, 0x048d0000, 0x04950000)
 tenured generation   total 10944K, used 3889K [0x09950000, 0x0a400000, 0x14400000)
   the space 10944K,  35% used [0x09950000, 0x09d1c650, 0x09d1c800, 0x0a400000)
 compacting perm gen  total 12288K, used 2818K [0x14400000, 0x15000000, 0x18400000)
   the space 12288K,  22% used [0x14400000, 0x146c0b98, 0x146c0c00, 0x15000000)
No shared spaces configured.
Event: 11.928 GC heap after
Heap after GC invocations=1541 (full 0):
 def new generation   total 4928K, used 22K [0x04400000, 0x04950000, 0x09950000)
  eden space 4416K,   0% used [0x04400000, 0x04400000, 0x04850000)
  from space 512K,   4% used [0x048d0000, 0x048d5a68, 0x04950000)
  to   space 512K,   0% used [0x04850000, 0x04850000, 0x048d0000)
 tenured generation   total 10944K, used 3890K [0x09950000, 0x0a400000, 0x14400000)
   the space 10944K,  35% used [0x09950000, 0x09d1cab0, 0x09d1cc00, 0x0a400000)
 compacting perm gen  total 12288K, used 2818K [0x14400000, 0x15000000, 0x18400000)
   the space 12288K,  22% used [0x14400000, 0x146c0b98, 0x146c0c00, 0x15000000)
No shared spaces configured.
}
Event: 104.600 GC heap before
{Heap before GC invocations=1541 (full 0):
 def new generation   total 4928K, used 4438K [0x04400000, 0x04950000, 0x09950000)
  eden space 4416K, 100% used [0x04400000, 0x04850000, 0x04850000)
  from space 512K,   4% used [0x048d0000, 0x048d5a68, 0x04950000)
  to   space 512K,   0% used [0x04850000, 0x04850000, 0x048d0000)
 tenured generation   total 10944K, used 3890K [0x09950000, 0x0a400000, 0x14400000)
   the space 10944K,  35% used [0x09950000, 0x09d1cab0, 0x09d1cc00, 0x0a400000)
 compacting perm gen  total 12288K, used 2835K [0x14400000, 0x15000000, 0x18400000)
   the space 12288K,  23% used [0x14400000, 0x146c4d48, 0x146c4e00, 0x15000000)
No shared spaces configured.
Event: 104.603 GC heap after
Heap after GC invocations=1542 (full 0):
 def new generation   total 4928K, used 512K [0x04400000, 0x04950000, 0x09950000)
  eden space 4416K,   0% used [0x04400000, 0x04400000, 0x04850000)
  from space 512K, 100% used [0x04850000, 0x048d0000, 0x048d0000)
  to   space 512K,   0% used [0x048d0000, 0x048d0000, 0x04950000)
 tenured generation   total 10944K, used 4473K [0x09950000, 0x0a400000, 0x14400000)
   the space 10944K,  40% used [0x09950000, 0x09dae6a0, 0x09dae800, 0x0a400000)
 compacting perm gen  total 12288K, used 2835K [0x14400000, 0x15000000, 0x18400000)
   the space 12288K,  23% used [0x14400000, 0x146c4d48, 0x146c4e00, 0x15000000)
No shared spaces configured.
}

